<?xml version="1.0" encoding="UTF-8"?>
<robot generator="Robot 4.1.2 (Python 3.10.0 on win32)" generated="20211203 14:45:12.441" rpa="false" schemaversion="2">
<suite id="s1" name="Test" source="C:\Users\Tauana\Documents\estudos\python-robot\test.robot">
<test id="s1-t1" name="Deve retornar mensagem de boas vindas">
<kw name="Welcome" library="app">
<var>${result}</var>
<arg>Tauana</arg>
<msg timestamp="20211203 14:45:12.490" level="INFO">${result} = E aí Tauana, bem vinde ao curso básico de Robot Framework!</msg>
<status status="PASS" starttime="20211203 14:45:12.490" endtime="20211203 14:45:12.490"/>
</kw>
<kw name="Should Be Equal" library="BuiltIn">
<arg>${result}</arg>
<arg>E aí Tauana, bem vinde ao curso básico de Robot Framework!</arg>
<doc>Fails if the given objects are unequal.</doc>
<status status="PASS" starttime="20211203 14:45:12.490" endtime="20211203 14:45:12.490"/>
</kw>
<status status="PASS" starttime="20211203 14:45:12.490" endtime="20211203 14:45:12.490"/>
</test>
<status status="PASS" starttime="20211203 14:45:12.459" endtime="20211203 14:45:12.490"/>
</suite>
<statistics>
<total>
<stat pass="1" fail="0" skip="0">All Tests</stat>
</total>
<tag>
</tag>
<suite>
<stat pass="1" fail="0" skip="0" id="s1" name="Test">Test</stat>
</suite>
</statistics>
<errors>
</errors>
</robot>
