<?xml version="1.0" encoding="UTF-8"?>
<robot generator="Robot 4.1.2 (Python 3.10.0 on win32)" generated="20211207 16:55:48.276" rpa="false" schemaversion="2">
<suite id="s1" name="Title" source="C:\Users\Tauana\Documents\estudos\robot-beginner\web\title.robot">
<test id="s1-t1" name="Should See Page Title">
<kw name="Open Browser" library="SeleniumLibrary">
<arg>https://training-wheels-protocol.herokuapp.com/</arg>
<arg>chrome</arg>
<doc>Opens a new browser instance to the optional ``url``.</doc>
<msg timestamp="20211207 16:55:48.604" level="INFO">Opening browser 'chrome' to base url 'https://training-wheels-protocol.herokuapp.com/'.</msg>
<status status="PASS" starttime="20211207 16:55:48.604" endtime="20211207 16:55:52.094"/>
</kw>
<kw name="Title Should Be" library="SeleniumLibrary">
<arg>Training Wheels Protocol</arg>
<doc>Verifies that the current page title equals ``title``.</doc>
<msg timestamp="20211207 16:55:52.106" level="INFO">Page title is 'Training Wheels Protocol'.</msg>
<status status="PASS" starttime="20211207 16:55:52.094" endtime="20211207 16:55:52.106"/>
</kw>
<kw name="Close Browser" library="SeleniumLibrary">
<doc>Closes the current browser.</doc>
<status status="PASS" starttime="20211207 16:55:52.106" endtime="20211207 16:55:54.277"/>
</kw>
<status status="PASS" starttime="20211207 16:55:48.604" endtime="20211207 16:55:54.277"/>
</test>
<status status="PASS" starttime="20211207 16:55:48.278" endtime="20211207 16:55:54.277"/>
</suite>
<statistics>
<total>
<stat pass="1" fail="0" skip="0">All Tests</stat>
</total>
<tag>
</tag>
<suite>
<stat pass="1" fail="0" skip="0" id="s1" name="Title">Title</stat>
</suite>
</statistics>
<errors>
</errors>
</robot>
