<?xml version="1.0" encoding="UTF-8"?>
<robot generator="Robot 4.1.2 (Python 3.10.0 on win32)" generated="20211207 20:07:39.802" rpa="false" schemaversion="2">
<suite id="s1" name="Checkbox" source="C:\Users\Tauana\Documents\estudos\robot-beginner\web\checkbox.robot">
<test id="s1-t1" name="Marcar oção com ID">
<kw name="Open Browser" library="SeleniumLibrary">
<arg>${url}</arg>
<arg>chrome</arg>
<doc>Opens a new browser instance to the optional ``url``.</doc>
<msg timestamp="20211207 20:07:40.165" level="INFO">Opening browser 'chrome' to base url 'https://training-wheels-protocol.herokuapp.com'.</msg>
<status status="PASS" starttime="20211207 20:07:40.165" endtime="20211207 20:07:43.915"/>
</kw>
<kw name="Go To" library="SeleniumLibrary">
<arg>${url}/checkboxes</arg>
<doc>Navigates the current browser window to the provided ``url``.</doc>
<msg timestamp="20211207 20:07:43.915" level="INFO">Opening url 'https://training-wheels-protocol.herokuapp.com/checkboxes'</msg>
<status status="PASS" starttime="20211207 20:07:43.915" endtime="20211207 20:07:44.335"/>
</kw>
<kw name="Select Checkbox" library="SeleniumLibrary">
<arg>${check_thor}</arg>
<doc>Selects the checkbox identified by ``locator``.</doc>
<msg timestamp="20211207 20:07:44.339" level="INFO">Selecting checkbox 'id:thor'.</msg>
<status status="PASS" starttime="20211207 20:07:44.337" endtime="20211207 20:07:44.484"/>
</kw>
<kw name="Checkbox Should Be Selected" library="SeleniumLibrary">
<arg>${check_thor}</arg>
<doc>Verifies checkbox ``locator`` is selected/checked.</doc>
<msg timestamp="20211207 20:07:44.484" level="INFO">Verifying checkbox 'id:thor' is selected.</msg>
<status status="PASS" starttime="20211207 20:07:44.484" endtime="20211207 20:07:44.541"/>
</kw>
<kw name="Close Browser" library="SeleniumLibrary">
<doc>Closes the current browser.</doc>
<status status="PASS" starttime="20211207 20:07:44.541" endtime="20211207 20:07:46.772"/>
</kw>
<status status="PASS" starttime="20211207 20:07:40.162" endtime="20211207 20:07:46.772"/>
</test>
<test id="s1-t2" name="Marcar oção com CSS Selector">
<kw name="Open Browser" library="SeleniumLibrary">
<arg>${url}</arg>
<arg>chrome</arg>
<doc>Opens a new browser instance to the optional ``url``.</doc>
<msg timestamp="20211207 20:07:46.782" level="INFO">Opening browser 'chrome' to base url 'https://training-wheels-protocol.herokuapp.com'.</msg>
<status status="PASS" starttime="20211207 20:07:46.782" endtime="20211207 20:07:50.393"/>
</kw>
<kw name="Go To" library="SeleniumLibrary">
<arg>${url}/checkboxes</arg>
<doc>Navigates the current browser window to the provided ``url``.</doc>
<msg timestamp="20211207 20:07:50.393" level="INFO">Opening url 'https://training-wheels-protocol.herokuapp.com/checkboxes'</msg>
<status status="PASS" starttime="20211207 20:07:50.393" endtime="20211207 20:07:50.787"/>
</kw>
<kw name="Select Checkbox" library="SeleniumLibrary">
<arg>${check_iron}</arg>
<doc>Selects the checkbox identified by ``locator``.</doc>
<msg timestamp="20211207 20:07:50.789" level="INFO">Selecting checkbox 'css:input[value='iron-man']'.</msg>
<status status="PASS" starttime="20211207 20:07:50.789" endtime="20211207 20:07:50.951"/>
</kw>
<kw name="Checkbox Should Be Selected" library="SeleniumLibrary">
<arg>${check_iron}</arg>
<doc>Verifies checkbox ``locator`` is selected/checked.</doc>
<msg timestamp="20211207 20:07:50.951" level="INFO">Verifying checkbox 'css:input[value='iron-man']' is selected.</msg>
<status status="PASS" starttime="20211207 20:07:50.951" endtime="20211207 20:07:50.992"/>
</kw>
<kw name="Close Browser" library="SeleniumLibrary">
<doc>Closes the current browser.</doc>
<status status="PASS" starttime="20211207 20:07:50.992" endtime="20211207 20:07:53.200"/>
</kw>
<tag>ironman</tag>
<status status="PASS" starttime="20211207 20:07:46.780" endtime="20211207 20:07:53.202"/>
</test>
<test id="s1-t3" name="Marcar oção com Xpath">
<kw name="Open Browser" library="SeleniumLibrary">
<arg>${url}</arg>
<arg>chrome</arg>
<doc>Opens a new browser instance to the optional ``url``.</doc>
<msg timestamp="20211207 20:07:53.202" level="INFO">Opening browser 'chrome' to base url 'https://training-wheels-protocol.herokuapp.com'.</msg>
<status status="PASS" starttime="20211207 20:07:53.202" endtime="20211207 20:07:56.735"/>
</kw>
<kw name="Go To" library="SeleniumLibrary">
<arg>${url}/checkboxes</arg>
<doc>Navigates the current browser window to the provided ``url``.</doc>
<msg timestamp="20211207 20:07:56.735" level="INFO">Opening url 'https://training-wheels-protocol.herokuapp.com/checkboxes'</msg>
<status status="PASS" starttime="20211207 20:07:56.735" endtime="20211207 20:07:57.122"/>
</kw>
<kw name="Select Checkbox" library="SeleniumLibrary">
<arg>${check_panther}</arg>
<doc>Selects the checkbox identified by ``locator``.</doc>
<msg timestamp="20211207 20:07:57.124" level="INFO">Selecting checkbox 'xpath://*[@id='checkboxes']/input[7]'.</msg>
<status status="PASS" starttime="20211207 20:07:57.124" endtime="20211207 20:07:57.284"/>
</kw>
<kw name="Checkbox Should Be Selected" library="SeleniumLibrary">
<arg>${check_panther}</arg>
<doc>Verifies checkbox ``locator`` is selected/checked.</doc>
<msg timestamp="20211207 20:07:57.284" level="INFO">Verifying checkbox 'xpath://*[@id='checkboxes']/input[7]' is selected.</msg>
<status status="PASS" starttime="20211207 20:07:57.284" endtime="20211207 20:07:57.341"/>
</kw>
<kw name="Sleep" library="BuiltIn">
<arg>5</arg>
<doc>Pauses the test executed for the given time.</doc>
<msg timestamp="20211207 20:08:02.351" level="INFO">Slept 5 seconds</msg>
<status status="PASS" starttime="20211207 20:07:57.341" endtime="20211207 20:08:02.351"/>
</kw>
<kw name="Close Browser" library="SeleniumLibrary">
<doc>Closes the current browser.</doc>
<status status="PASS" starttime="20211207 20:08:02.351" endtime="20211207 20:08:04.601"/>
</kw>
<tag>ironman</tag>
<status status="PASS" starttime="20211207 20:07:53.202" endtime="20211207 20:08:04.601"/>
</test>
<status status="PASS" starttime="20211207 20:07:39.802" endtime="20211207 20:08:04.601"/>
</suite>
<statistics>
<total>
<stat pass="3" fail="0" skip="0">All Tests</stat>
</total>
<tag>
<stat pass="2" fail="0" skip="0">ironman</stat>
</tag>
<suite>
<stat pass="3" fail="0" skip="0" id="s1" name="Checkbox">Checkbox</stat>
</suite>
</statistics>
<errors>
</errors>
</robot>
